<?xml version="1.0" encoding="UTF-8"?>
<!-- Generated by org.testng.reporters.JUnitXMLReporter -->
<testsuite ignored="0" hostname="pc" failures="0" tests="3" name="ChromeBrowser" time="17.778" errors="0" timestamp="2022-05-31T13:44:16 IST">
  <testcase classname="testClass.VerifyDirectory" name="@BeforeMethod loginToApplication" time="6.238">
    <failure type="java.io.FileNotFoundException" message=".\src\test\resources\browser\testng.xlsx (The system cannot find the file specified)">
      <![CDATA[java.io.FileNotFoundException: .\src\test\resources\browser\testng.xlsx (The system cannot find the file specified)
at java.base/java.io.FileInputStream.open0(Native Method)
at java.base/java.io.FileInputStream.open(FileInputStream.java:216)
at java.base/java.io.FileInputStream.<init>(FileInputStream.java:157)
at java.base/java.io.FileInputStream.<init>(FileInputStream.java:111)
at util.Utility.getexclesheetdata(Utility.java:42)
at testClass.VerifyDirectory.loginToApplication(VerifyDirectory.java:67)
at java.base/java.util.ArrayList.forEach(ArrayList.java:1511)
... Removed 31 stack frames]]>
    </failure>
  </testcase> <!-- @BeforeMethod loginToApplication -->
  <testcase classname="testClass.VerifyDirectory" name="@AfterMethod logOutFromApplication" time="-1.653984849634E9">
    <skipped/>
  </testcase> <!-- @AfterMethod logOutFromApplication -->
  <testcase classname="testClass.VerifyDirectory" name="@BeforeMethod loginToApplication" time="-1.653984849636E9">
    <skipped/>
  </testcase> <!-- @BeforeMethod loginToApplication -->
  <testcase classname="testClass.VerifyDirectory" name="@AfterMethod logOutFromApplication" time="-1.653984849649E9">
    <skipped/>
  </testcase> <!-- @AfterMethod logOutFromApplication -->
  <testcase classname="testClass.VerifyDirectory" name="@AfterClass closebrowser" time="-1.653984849652E9">
    <skipped/>
  </testcase> <!-- @AfterClass closebrowser -->
  <testcase classname="testClass.VerifyOrange" name="@BeforeMethod loginToApplication" time="6.974">
    <failure type="java.io.FileNotFoundException" message=".\src\test\resources\browser\testng.xlsx (The system cannot find the file specified)">
      <![CDATA[java.io.FileNotFoundException: .\src\test\resources\browser\testng.xlsx (The system cannot find the file specified)
at java.base/java.io.FileInputStream.open0(Native Method)
at java.base/java.io.FileInputStream.open(FileInputStream.java:216)
at java.base/java.io.FileInputStream.<init>(FileInputStream.java:157)
at java.base/java.io.FileInputStream.<init>(FileInputStream.java:111)
at util.Utility.getexclesheetdata(Utility.java:42)
at testClass.VerifyOrange.loginToApplication(VerifyOrange.java:76)
at java.base/java.util.ArrayList.forEach(ArrayList.java:1511)
... Removed 31 stack frames]]>
    </failure>
  </testcase> <!-- @BeforeMethod loginToApplication -->
  <testcase classname="testClass.VerifyOrange" name="@AfterMethod logOutFromApplication" time="-1.653984856653E9">
    <skipped/>
  </testcase> <!-- @AfterMethod logOutFromApplication -->
  <testcase classname="testClass.VerifyOrange" name="@AfterClass closebrowser" time="-1.653984856655E9">
    <skipped/>
  </testcase> <!-- @AfterClass closebrowser -->
  <testcase classname="testClass.VerifyDirectory" name="@AfterTest closeBrowser" time="-1.65398485666E9">
    <skipped/>
  </testcase> <!-- @AfterTest closeBrowser -->
  <testcase classname="testClass.VerifyOrange" name="@AfterTest closeBrowser" time="-1.653984856667E9">
    <skipped/>
  </testcase> <!-- @AfterTest closeBrowser -->
  <testcase classname="testClass.VerifyDirectory" name="verifyTime" time="0.0">
    <skipped/>
  </testcase> <!-- verifyTime -->
  <testcase classname="testClass.VerifyDirectory" name="verifydirectory" time="0.0">
    <skipped/>
  </testcase> <!-- verifydirectory -->
  <testcase classname="testClass.VerifyOrange" name="test" time="0.0">
    <skipped/>
  </testcase> <!-- test -->
</testsuite> <!-- ChromeBrowser -->
