<?xml version="1.0" encoding="UTF-8"?>
<!-- Generated by org.testng.reporters.JUnitXMLReporter -->
<testsuite ignored="0" hostname="pc" failures="0" tests="3" name="firefoxBrowser" time="0.797" errors="0" timestamp="2022-05-30T14:17:56 IST">
  <testcase classname="testClass.VerifyDirectory" name="@BeforeTest openBrowser" time="0.647">
    <failure type="org.openqa.selenium.WebDriverException" message="Cannot find firefox binary in PATH. Make sure firefox is installed. OS appears to be: WIN10
Build info: version: &amp;apos;3.141.59&amp;apos;, revision: &amp;apos;e82be7d358&amp;apos;, time: &amp;apos;2018-11-14T08:17:03&amp;apos;
System info: host: &amp;apos;PC&amp;apos;, ip: &amp;apos;192.168.1.3&amp;apos;, os.name: &amp;apos;Windows 10&amp;apos;, os.arch: &amp;apos;amd64&amp;apos;, os.version: &amp;apos;10.0&amp;apos;, java.version: &amp;apos;17.0.2&amp;apos;
Driver info: driver.version: FirefoxDriver">
      <![CDATA[org.openqa.selenium.WebDriverException: Cannot find firefox binary in PATH. Make sure firefox is installed. OS appears to be: WIN10
Build info: version: '3.141.59', revision: 'e82be7d358', time: '2018-11-14T08:17:03'
System info: host: 'PC', ip: '192.168.1.3', os.name: 'Windows 10', os.arch: 'amd64', os.version: '10.0', java.version: '17.0.2'
Driver info: driver.version: FirefoxDriver
at org.openqa.selenium.firefox.FirefoxBinary.<init>(FirefoxBinary.java:100)
at java.base/java.util.Optional.orElseGet(Optional.java:364)
at org.openqa.selenium.firefox.FirefoxOptions.getBinary(FirefoxOptions.java:216)
at org.openqa.selenium.firefox.FirefoxDriver.toExecutor(FirefoxDriver.java:187)
at org.openqa.selenium.firefox.FirefoxDriver.<init>(FirefoxDriver.java:147)
at org.openqa.selenium.firefox.FirefoxDriver.<init>(FirefoxDriver.java:125)
at browser.Browser.openFirefoxBrowser(Browser.java:21)
at testClass.VerifyDirectory.openBrowser(VerifyDirectory.java:43)
... Removed 24 stack frames]]>
    </failure>
  </testcase> <!-- @BeforeTest openBrowser -->
  <testcase classname="testClass.VerifyOrange" name="@BeforeTest openBrowser" time="-1.653900476674E9">
    <skipped/>
  </testcase> <!-- @BeforeTest openBrowser -->
  <testcase classname="testClass.VerifyDirectory" name="@BeforeClass creatObjectOfPOMclass" time="-1.653900476683E9">
    <skipped/>
  </testcase> <!-- @BeforeClass creatObjectOfPOMclass -->
  <testcase classname="testClass.VerifyDirectory" name="@BeforeMethod loginToApplication" time="-1.653900476691E9">
    <skipped/>
  </testcase> <!-- @BeforeMethod loginToApplication -->
  <testcase classname="testClass.VerifyDirectory" name="@AfterMethod logOutFromApplication" time="-1.653900476705E9">
    <skipped/>
  </testcase> <!-- @AfterMethod logOutFromApplication -->
  <testcase classname="testClass.VerifyDirectory" name="@BeforeMethod loginToApplication" time="-1.653900476717E9">
    <skipped/>
  </testcase> <!-- @BeforeMethod loginToApplication -->
  <testcase classname="testClass.VerifyDirectory" name="@AfterMethod logOutFromApplication" time="-1.653900476777E9">
    <skipped/>
  </testcase> <!-- @AfterMethod logOutFromApplication -->
  <testcase classname="testClass.VerifyDirectory" name="@AfterClass closebrowser" time="-1.653900476786E9">
    <skipped/>
  </testcase> <!-- @AfterClass closebrowser -->
  <testcase classname="testClass.VerifyOrange" name="@BeforeClass creatObjectOfPOMclass" time="-1.653900476796E9">
    <skipped/>
  </testcase> <!-- @BeforeClass creatObjectOfPOMclass -->
  <testcase classname="testClass.VerifyOrange" name="@BeforeMethod loginToApplication" time="-1.653900476801E9">
    <skipped/>
  </testcase> <!-- @BeforeMethod loginToApplication -->
  <testcase classname="testClass.VerifyOrange" name="@AfterMethod logOutFromApplication" time="-1.653900476809E9">
    <skipped/>
  </testcase> <!-- @AfterMethod logOutFromApplication -->
  <testcase classname="testClass.VerifyOrange" name="@AfterClass closebrowser" time="-1.653900476814E9">
    <skipped/>
  </testcase> <!-- @AfterClass closebrowser -->
  <testcase classname="testClass.VerifyDirectory" name="@AfterTest closeBrowser" time="-1.653900476817E9">
    <skipped/>
  </testcase> <!-- @AfterTest closeBrowser -->
  <testcase classname="testClass.VerifyOrange" name="@AfterTest closeBrowser" time="-1.653900476819E9">
    <skipped/>
  </testcase> <!-- @AfterTest closeBrowser -->
  <testcase classname="testClass.VerifyDirectory" name="test" time="0.0">
    <skipped/>
  </testcase> <!-- test -->
  <testcase classname="testClass.VerifyDirectory" name="verifyTime" time="0.0">
    <skipped/>
  </testcase> <!-- verifyTime -->
  <testcase classname="testClass.VerifyOrange" name="test" time="0.0">
    <skipped/>
  </testcase> <!-- test -->
</testsuite> <!-- firefoxBrowser -->
