<?xml version="1.0" encoding="UTF-8"?>
<!-- Generated by org.testng.reporters.JUnitXMLReporter -->
<testsuite ignored="0" hostname="pc" failures="0" tests="3" name="Test" time="0.186" errors="0" timestamp="2022-05-31T13:01:01 IST">
  <testcase classname="testClass.VerifyDirectory" name="@BeforeTest openBrowser" time="-1.653982260951E9">
    <failure type="org.testng.TestNGException" message="
Parameter &amp;apos;browserName&amp;apos; is required by BeforeTest on method openBrowser but has not been marked @Optional or defined
in C:\Users\PRANAY\eclipse-workspace\orangehrmautomation\parallel.xml">
      <![CDATA[org.testng.TestNGException: 
Parameter 'browserName' is required by BeforeTest on method openBrowser but has not been marked @Optional or defined
in C:\Users\PRANAY\eclipse-workspace\orangehrmautomation\parallel.xml
at java.base/java.util.concurrent.FutureTask.run(FutureTask.java:264)
at java.base/java.util.concurrent.ThreadPoolExecutor.runWorker(ThreadPoolExecutor.java:1136)
at java.base/java.util.concurrent.ThreadPoolExecutor$Worker.run(ThreadPoolExecutor.java:635)
at java.base/java.lang.Thread.run(Thread.java:833)
... Removed 12 stack frames]]>
    </failure>
  </testcase> <!-- @BeforeTest openBrowser -->
  <testcase classname="testClass.VerifyOrange" name="@BeforeTest openBrowser" time="-1.653982260967E9">
    <skipped/>
  </testcase> <!-- @BeforeTest openBrowser -->
  <testcase classname="testClass.VerifyDirectory" name="@BeforeClass creatObjectOfPOMclass" time="-1.653982260999E9">
    <skipped/>
  </testcase> <!-- @BeforeClass creatObjectOfPOMclass -->
  <testcase classname="testClass.VerifyDirectory" name="@BeforeMethod loginToApplication" time="-1.653982261019E9">
    <skipped/>
  </testcase> <!-- @BeforeMethod loginToApplication -->
  <testcase classname="testClass.VerifyDirectory" name="@AfterMethod logOutFromApplication" time="-1.653982261031E9">
    <skipped/>
  </testcase> <!-- @AfterMethod logOutFromApplication -->
  <testcase classname="testClass.VerifyDirectory" name="@BeforeMethod loginToApplication" time="-1.653982261039E9">
    <skipped/>
  </testcase> <!-- @BeforeMethod loginToApplication -->
  <testcase classname="testClass.VerifyDirectory" name="@AfterMethod logOutFromApplication" time="-1.653982261054E9">
    <skipped/>
  </testcase> <!-- @AfterMethod logOutFromApplication -->
  <testcase classname="testClass.VerifyDirectory" name="@AfterClass closebrowser" time="-1.65398226106E9">
    <skipped/>
  </testcase> <!-- @AfterClass closebrowser -->
  <testcase classname="testClass.VerifyOrange" name="@BeforeClass creatObjectOfPOMclass" time="-1.653982261063E9">
    <skipped/>
  </testcase> <!-- @BeforeClass creatObjectOfPOMclass -->
  <testcase classname="testClass.VerifyOrange" name="@BeforeMethod loginToApplication" time="-1.653982261067E9">
    <skipped/>
  </testcase> <!-- @BeforeMethod loginToApplication -->
  <testcase classname="testClass.VerifyOrange" name="@AfterMethod logOutFromApplication" time="-1.65398226109E9">
    <skipped/>
  </testcase> <!-- @AfterMethod logOutFromApplication -->
  <testcase classname="testClass.VerifyOrange" name="@AfterClass closebrowser" time="-1.653982261106E9">
    <skipped/>
  </testcase> <!-- @AfterClass closebrowser -->
  <testcase classname="testClass.VerifyDirectory" name="@AfterTest closeBrowser" time="-1.65398226112E9">
    <skipped/>
  </testcase> <!-- @AfterTest closeBrowser -->
  <testcase classname="testClass.VerifyOrange" name="@AfterTest closeBrowser" time="-1.653982261125E9">
    <skipped/>
  </testcase> <!-- @AfterTest closeBrowser -->
  <testcase classname="testClass.VerifyDirectory" name="test" time="0.0">
    <skipped/>
  </testcase> <!-- test -->
  <testcase classname="testClass.VerifyDirectory" name="verifyTime" time="0.0">
    <skipped/>
  </testcase> <!-- verifyTime -->
  <testcase classname="testClass.VerifyOrange" name="test" time="0.001">
    <skipped/>
  </testcase> <!-- test -->
</testsuite> <!-- Test -->
