<?xml version="1.0" encoding="UTF-8"?>
<testng-results ignored="0" total="3" passed="3" failed="0" skipped="0">
  <reporter-output>
  </reporter-output>
  <suite started-at="2022-06-08T00:39:53 IST" name="Suite" finished-at="2022-06-08T00:40:59 IST" duration-ms="65551">
    <groups>
    </groups>
    <test started-at="2022-06-08T00:39:53 IST" name="ChromeBrowser" finished-at="2022-06-08T00:40:59 IST" duration-ms="65551">
      <class name="testClass.VerifyOrange">
        <test-method is-config="true" signature="openBrowser(java.lang.String)[pri:0, instance:testClass.VerifyOrange@28eaa59a]" started-at="2022-06-08T00:39:56 IST" name="openBrowser" finished-at="2022-06-08T00:39:58 IST" duration-ms="1518" status="PASS">
          <params>
            <param index="0">
              <value>
                <![CDATA[chrom]]>
              </value>
            </param>
          </params>
          <reporter-output>
          </reporter-output>
        </test-method> <!-- openBrowser -->
        <test-method is-config="true" signature="creatObjectOfPOMclass()[pri:0, instance:testClass.VerifyOrange@28eaa59a]" started-at="2022-06-08T00:40:38 IST" name="creatObjectOfPOMclass" finished-at="2022-06-08T00:40:38 IST" duration-ms="4" status="PASS">
          <reporter-output>
          </reporter-output>
        </test-method> <!-- creatObjectOfPOMclass -->
        <test-method is-config="true" signature="loginToApplication()[pri:0, instance:testClass.VerifyOrange@28eaa59a]" started-at="2022-06-08T00:40:38 IST" name="loginToApplication" finished-at="2022-06-08T00:40:49 IST" duration-ms="11325" status="PASS">
          <reporter-output>
          </reporter-output>
        </test-method> <!-- loginToApplication -->
        <test-method signature="test()[pri:0, instance:testClass.VerifyOrange@28eaa59a]" started-at="2022-06-08T00:40:49 IST" name="test" finished-at="2022-06-08T00:40:57 IST" duration-ms="7117" status="PASS">
          <reporter-output>
          </reporter-output>
        </test-method> <!-- test -->
        <test-method is-config="true" signature="logOutFromApplication(org.testng.ITestResult)[pri:0, instance:testClass.VerifyOrange@28eaa59a]" started-at="2022-06-08T00:40:57 IST" name="logOutFromApplication" finished-at="2022-06-08T00:40:58 IST" duration-ms="1773" status="PASS">
          <params>
            <param index="0">
              <value>
                <![CDATA[[TestResult name=test status=SUCCESS method=VerifyOrange.test()[pri:0, instance:testClass.VerifyOrange@28eaa59a] output={null}]]]>
              </value>
            </param>
          </params>
          <reporter-output>
          </reporter-output>
        </test-method> <!-- logOutFromApplication -->
        <test-method is-config="true" signature="closebrowser()[pri:0, instance:testClass.VerifyOrange@28eaa59a]" started-at="2022-06-08T00:40:58 IST" name="closebrowser" finished-at="2022-06-08T00:40:58 IST" duration-ms="0" status="PASS">
          <reporter-output>
          </reporter-output>
        </test-method> <!-- closebrowser -->
        <test-method is-config="true" signature="closeBrowser()[pri:0, instance:testClass.VerifyOrange@28eaa59a]" started-at="2022-06-08T00:40:59 IST" name="closeBrowser" finished-at="2022-06-08T00:40:59 IST" duration-ms="302" status="PASS">
          <reporter-output>
          </reporter-output>
        </test-method> <!-- closeBrowser -->
      </class> <!-- testClass.VerifyOrange -->
      <class name="testClass.VerifyDirectory">
        <test-method is-config="true" signature="openBrowser(java.lang.String)[pri:0, instance:testClass.VerifyDirectory@39529185]" started-at="2022-06-08T00:39:53 IST" name="openBrowser" finished-at="2022-06-08T00:39:56 IST" duration-ms="2936" status="PASS">
          <params>
            <param index="0">
              <value>
                <![CDATA[chrom]]>
              </value>
            </param>
          </params>
          <reporter-output>
          </reporter-output>
        </test-method> <!-- openBrowser -->
        <test-method is-config="true" signature="creatObjectOfPOMclass()[pri:0, instance:testClass.VerifyDirectory@39529185]" started-at="2022-06-08T00:39:58 IST" name="creatObjectOfPOMclass" finished-at="2022-06-08T00:39:58 IST" duration-ms="67" status="PASS">
          <reporter-output>
          </reporter-output>
        </test-method> <!-- creatObjectOfPOMclass -->
        <test-method is-config="true" signature="loginToApplication()[pri:0, instance:testClass.VerifyDirectory@39529185]" started-at="2022-06-08T00:39:58 IST" name="loginToApplication" finished-at="2022-06-08T00:40:14 IST" duration-ms="16417" status="PASS">
          <reporter-output>
          </reporter-output>
        </test-method> <!-- loginToApplication -->
        <test-method signature="verifyTime()[pri:0, instance:testClass.VerifyDirectory@39529185]" started-at="2022-06-08T00:40:14 IST" name="verifyTime" finished-at="2022-06-08T00:40:17 IST" duration-ms="3037" status="PASS">
          <reporter-output>
          </reporter-output>
        </test-method> <!-- verifyTime -->
        <test-method is-config="true" signature="logOutFromApplication(org.testng.ITestResult)[pri:0, instance:testClass.VerifyDirectory@39529185]" started-at="2022-06-08T00:40:17 IST" name="logOutFromApplication" finished-at="2022-06-08T00:40:19 IST" duration-ms="1883" status="PASS">
          <params>
            <param index="0">
              <value>
                <![CDATA[[TestResult name=verifyTime status=SUCCESS method=VerifyDirectory.verifyTime()[pri:0, instance:testClass.VerifyDirectory@39529185] output={null}]]]>
              </value>
            </param>
          </params>
          <reporter-output>
          </reporter-output>
        </test-method> <!-- logOutFromApplication -->
        <test-method is-config="true" signature="loginToApplication()[pri:0, instance:testClass.VerifyDirectory@39529185]" started-at="2022-06-08T00:40:19 IST" name="loginToApplication" finished-at="2022-06-08T00:40:25 IST" duration-ms="6116" status="PASS">
          <reporter-output>
          </reporter-output>
        </test-method> <!-- loginToApplication -->
        <test-method signature="verifydirectory()[pri:0, instance:testClass.VerifyDirectory@39529185]" started-at="2022-06-08T00:40:25 IST" name="verifydirectory" finished-at="2022-06-08T00:40:36 IST" duration-ms="11066" status="PASS">
          <reporter-output>
          </reporter-output>
        </test-method> <!-- verifydirectory -->
        <test-method is-config="true" signature="logOutFromApplication(org.testng.ITestResult)[pri:0, instance:testClass.VerifyDirectory@39529185]" started-at="2022-06-08T00:40:36 IST" name="logOutFromApplication" finished-at="2022-06-08T00:40:38 IST" duration-ms="1647" status="PASS">
          <params>
            <param index="0">
              <value>
                <![CDATA[[TestResult name=verifydirectory status=SUCCESS method=VerifyDirectory.verifydirectory()[pri:0, instance:testClass.VerifyDirectory@39529185] output={null}]]]>
              </value>
            </param>
          </params>
          <reporter-output>
          </reporter-output>
        </test-method> <!-- logOutFromApplication -->
        <test-method is-config="true" signature="closebrowser()[pri:0, instance:testClass.VerifyDirectory@39529185]" started-at="2022-06-08T00:40:38 IST" name="closebrowser" finished-at="2022-06-08T00:40:38 IST" duration-ms="1" status="PASS">
          <reporter-output>
          </reporter-output>
        </test-method> <!-- closebrowser -->
        <test-method is-config="true" signature="closeBrowser()[pri:0, instance:testClass.VerifyDirectory@39529185]" started-at="2022-06-08T00:40:58 IST" name="closeBrowser" finished-at="2022-06-08T00:40:59 IST" duration-ms="261" status="PASS">
          <reporter-output>
          </reporter-output>
        </test-method> <!-- closeBrowser -->
      </class> <!-- testClass.VerifyDirectory -->
    </test> <!-- ChromeBrowser -->
  </suite> <!-- Suite -->
</testng-results>
