<?xml version="1.0" encoding="UTF-8"?>
<testng-results ignored="0" total="1" passed="1" failed="0" skipped="0">
  <reporter-output>
  </reporter-output>
  <suite started-at="2022-05-23T22:13:14 IST" name="Default suite" finished-at="2022-05-23T22:13:44 IST" duration-ms="30115">
    <groups>
    </groups>
    <test started-at="2022-05-23T22:13:14 IST" name="Default test" finished-at="2022-05-23T22:13:44 IST" duration-ms="30115">
      <class name="testClass.VerifyByShirt">
        <test-method is-config="true" signature="openBrowser()[pri:0, instance:testClass.VerifyByShirt@2667f029]" started-at="2022-05-23T22:13:14 IST" name="openBrowser" finished-at="2022-05-23T22:13:22 IST" duration-ms="7458" status="PASS">
          <reporter-output>
          </reporter-output>
        </test-method> <!-- openBrowser -->
        <test-method is-config="true" signature="loginToApplication()[pri:0, instance:testClass.VerifyByShirt@2667f029]" started-at="2022-05-23T22:13:22 IST" name="loginToApplication" finished-at="2022-05-23T22:13:22 IST" duration-ms="633" status="PASS">
          <reporter-output>
          </reporter-output>
        </test-method> <!-- loginToApplication -->
        <test-method signature="test()[pri:0, instance:testClass.VerifyByShirt@2667f029]" started-at="2022-05-23T22:13:22 IST" name="test" finished-at="2022-05-23T22:13:44 IST" duration-ms="21949" status="PASS">
          <reporter-output>
          </reporter-output>
        </test-method> <!-- test -->
        <test-method is-config="true" signature="afterMethod()[pri:0, instance:testClass.VerifyByShirt@2667f029]" started-at="2022-05-23T22:13:44 IST" name="afterMethod" finished-at="2022-05-23T22:13:44 IST" duration-ms="2" status="PASS">
          <reporter-output>
          </reporter-output>
        </test-method> <!-- afterMethod -->
        <test-method is-config="true" signature="afterClass()[pri:0, instance:testClass.VerifyByShirt@2667f029]" started-at="2022-05-23T22:13:44 IST" name="afterClass" finished-at="2022-05-23T22:13:44 IST" duration-ms="1" status="PASS">
          <reporter-output>
          </reporter-output>
        </test-method> <!-- afterClass -->
      </class> <!-- testClass.VerifyByShirt -->
    </test> <!-- Default test -->
  </suite> <!-- Default suite -->
</testng-results>
