<?xml version="1.0" encoding="UTF-8"?>
<!-- Generated by org.testng.reporters.JUnitXMLReporter -->
<testsuite ignored="1" hostname="pc" failures="1" tests="2" name="ChromeBrowser(failed)" time="47.223" errors="0" timestamp="2022-06-06T16:40:10 IST">
  <testcase classname="testClass.VerifyOrange" name="test" time="8.25"/>
  <testcase classname="testClass.VerifyDirectory" name="verifyTime" time="1.818">
    <failure type="java.lang.AssertionError" message="null">
      <![CDATA[java.lang.AssertionError: null
at testClass.VerifyDirectory.verifyTime(VerifyDirectory.java:120)
at java.base/java.util.ArrayList.forEach(ArrayList.java:1511)
... Removed 29 stack frames]]>
    </failure>
  </testcase> <!-- verifyTime -->
  <testcase classname="testClass.VerifyDirectory" name="verifydirectory" time="0.0">
    <ignored/>
  </testcase> <!-- verifydirectory -->
</testsuite> <!-- ChromeBrowser(failed) -->
