<?xml version="1.0" encoding="UTF-8"?>
<testng-results ignored="0" total="1" passed="1" failed="0" skipped="0">
  <reporter-output>
  </reporter-output>
  <suite started-at="2022-05-18T22:30:32 IST" name="Default suite" finished-at="2022-05-18T22:30:32 IST" duration-ms="75">
    <groups>
    </groups>
    <test started-at="2022-05-18T22:30:32 IST" name="Default test" finished-at="2022-05-18T22:30:32 IST" duration-ms="75">
      <class name="testClass.TestClass">
        <test-method is-config="true" signature="beforeClass()[pri:0, instance:testClass.TestClass@35ef1869]" started-at="2022-05-18T22:30:32 IST" name="beforeClass" finished-at="2022-05-18T22:30:32 IST" duration-ms="11" status="PASS">
          <reporter-output>
          </reporter-output>
        </test-method> <!-- beforeClass -->
        <test-method is-config="true" signature="beforeMethod()[pri:0, instance:testClass.TestClass@35ef1869]" started-at="2022-05-18T22:30:32 IST" name="beforeMethod" finished-at="2022-05-18T22:30:32 IST" duration-ms="0" status="PASS">
          <reporter-output>
          </reporter-output>
        </test-method> <!-- beforeMethod -->
        <test-method signature="test()[pri:0, instance:testClass.TestClass@35ef1869]" started-at="2022-05-18T22:30:32 IST" name="test" finished-at="2022-05-18T22:30:32 IST" duration-ms="9" status="PASS">
          <reporter-output>
          </reporter-output>
        </test-method> <!-- test -->
        <test-method is-config="true" signature="afterMethod()[pri:0, instance:testClass.TestClass@35ef1869]" started-at="2022-05-18T22:30:32 IST" name="afterMethod" finished-at="2022-05-18T22:30:32 IST" duration-ms="1" status="PASS">
          <reporter-output>
          </reporter-output>
        </test-method> <!-- afterMethod -->
        <test-method is-config="true" signature="afterClass()[pri:0, instance:testClass.TestClass@35ef1869]" started-at="2022-05-18T22:30:32 IST" name="afterClass" finished-at="2022-05-18T22:30:32 IST" duration-ms="1" status="PASS">
          <reporter-output>
          </reporter-output>
        </test-method> <!-- afterClass -->
      </class> <!-- testClass.TestClass -->
    </test> <!-- Default test -->
  </suite> <!-- Default suite -->
</testng-results>
